<?xml version="1.0" encoding="UTF-8"?>
<!-- Generated by org.testng.reporters.JUnitReportReporter -->
<testsuite skipped="0" hostname="DESKTOP-SM48EEK" name="demo.testng.Test4" tests="2" failures="0" timestamp="16 May 2021 13:17:54 GMT" time="0.007" errors="0">
  <testcase name="secondDemo" time="0.003" classname="demo.testng.Test4"/>
  <testcase name="firstDemo" time="0.004" classname="demo.testng.Test4"/>
</testsuite> <!-- demo.testng.Test4 -->
