<?xml version="1.0" encoding="UTF-8"?>
<!-- Generated by org.testng.reporters.JUnitReportReporter -->
<testsuite skipped="0" hostname="DESKTOP-SM48EEK" name="demo.testng.Test1" tests="2" failures="0" timestamp="16 May 2021 13:17:54 GMT" time="0.012" errors="0">
  <testcase name="show2" time="0.005" classname="demo.testng.Test1"/>
  <testcase name="show1" time="0.007" classname="demo.testng.Test1"/>
</testsuite> <!-- demo.testng.Test1 -->
