<?xml version="1.0" encoding="UTF-8"?>
<!-- Generated by org.testng.reporters.JUnitReportReporter -->
<testsuite skipped="0" hostname="DESKTOP-SM48EEK" name="demo.testng.Test3" tests="1" failures="0" timestamp="16 May 2021 13:17:54 GMT" time="0.004" errors="0">
  <testcase name="display" time="0.004" classname="demo.testng.Test3"/>
</testsuite> <!-- demo.testng.Test3 -->
